\BOOKMARK [1][-]{section.1}{Introduction}{}% 1
\BOOKMARK [2][-]{subsection.1.1}{Motivation and Overview}{section.1}% 2
\BOOKMARK [2][-]{subsection.1.2}{Background and Literature Survey}{section.1}% 3
\BOOKMARK [1][-]{section.2}{Design}{}% 4
\BOOKMARK [2][-]{subsection.2.1}{Operations}{section.2}% 5
\BOOKMARK [2][-]{subsection.2.2}{Data structures}{section.2}% 6
\BOOKMARK [3][-]{subsubsection.2.2.1}{Address Book}{subsection.2.2}% 7
\BOOKMARK [3][-]{subsubsection.2.2.2}{Peerlist}{subsection.2.2}% 8
\BOOKMARK [2][-]{subsection.2.3}{Network}{section.2}% 9
\BOOKMARK [2][-]{subsection.2.4}{Interfaces}{section.2}% 10
\BOOKMARK [3][-]{subsubsection.2.4.1}{SupportServer}{subsection.2.4}% 11
\BOOKMARK [3][-]{subsubsection.2.4.2}{Peer}{subsection.2.4}% 12
\BOOKMARK [2][-]{subsection.2.5}{Architecture}{section.2}% 13
\BOOKMARK [3][-]{subsubsection.2.5.1}{Protocol Architecture}{subsection.2.5}% 14
\BOOKMARK [3][-]{subsubsection.2.5.2}{Software Architecture}{subsection.2.5}% 15
\BOOKMARK [1][-]{section.3}{Code Overview}{}% 16
\BOOKMARK [2][-]{subsection.3.1}{Programming Environment}{section.3}% 17
\BOOKMARK [2][-]{subsection.3.2}{Code Structure}{section.3}% 18
\BOOKMARK [1][-]{section.4}{Results and Discussions}{}% 19
\BOOKMARK [2][-]{subsection.4.1}{Result Observations}{section.4}% 20
\BOOKMARK [2][-]{subsection.4.2}{Screenshots}{section.4}% 21
\BOOKMARK [1][-]{section.5}{Further Work and Applications}{}% 22
\BOOKMARK [2][-]{subsection.5.1}{Applications}{section.5}% 23
\BOOKMARK [2][-]{subsection.5.2}{Further Works}{section.5}% 24
\BOOKMARK [1][-]{section.6}{Conclusion}{}% 25
